<?xml version="1.0" encoding="UTF-8" ?>
<testsuite tests="1" failures="0" name="TestSuite" time="6.423" errors="0" skipped="0">
  <properties>
    <property name="java.runtime.name" value="Java(TM) SE Runtime Environment"/>
    <property name="sun.boot.library.path" value="C:\Program Files\Java\jdk1.8.0_65\jre\bin"/>
    <property name="java.vm.version" value="25.65-b01"/>
    <property name="java.vm.vendor" value="Oracle Corporation"/>
    <property name="java.vendor.url" value="http://java.oracle.com/"/>
    <property name="path.separator" value=";"/>
    <property name="java.vm.name" value="Java HotSpot(TM) 64-Bit Server VM"/>
    <property name="file.encoding.pkg" value="sun.io"/>
    <property name="user.script" value=""/>
    <property name="user.country" value="CN"/>
    <property name="sun.java.launcher" value="SUN_STANDARD"/>
    <property name="sun.os.patch.level" value=""/>
    <property name="java.vm.specification.name" value="Java Virtual Machine Specification"/>
    <property name="user.dir" value="D:\DEV\Project\JavaProject\githupPro\JavaWebUIFrame"/>
    <property name="java.runtime.version" value="1.8.0_65-b17"/>
    <property name="java.awt.graphicsenv" value="sun.awt.Win32GraphicsEnvironment"/>
    <property name="basedir" value="D:\DEV\Project\JavaProject\githupPro\JavaWebUIFrame"/>
    <property name="java.endorsed.dirs" value="C:\Program Files\Java\jdk1.8.0_65\jre\lib\endorsed"/>
    <property name="os.arch" value="amd64"/>
    <property name="surefire.real.class.path" value="D:\DEV\Project\JavaProject\githupPro\JavaWebUIFrame\target\surefire\surefirebooter3280178015308595467.jar"/>
    <property name="java.io.tmpdir" value="C:\Users\zcl15\AppData\Local\Temp\"/>
    <property name="line.separator" value="
"/>
    <property name="java.vm.specification.vendor" value="Oracle Corporation"/>
    <property name="user.variant" value=""/>
    <property name="os.name" value="Windows 10"/>
    <property name="sun.jnu.encoding" value="GBK"/>
    <property name="java.library.path" value="C:\Program Files\Java\jdk1.8.0_65\jre\bin;C:\Windows\Sun\Java\bin;C:\Windows\system32;C:\Windows;C:\Program Files\Java\jdk-21\bin;C:\Program Files\Common Files\Oracle\Java\javapath;C:\Program Files (x86)\VMware\VMware Workstation\bin\;C:\ProgramData\Oracle\Java\javapath;C:\Windows\System32\HWAudioDriverLibs;C:\Windows\system32;C:\Windows;C:\Windows\System32\Wbem;C:\Windows\System32\WindowsPowerShell\v1.0\;C:\Windows\System32\OpenSSH\;C:\Users\Administrator\AppData\Local\Microsoft\WindowsApps;C:\Windows\system32;C:\Windows;C:\Windows\System32\Wbem;C:\Windows\System32\WindowsPowerShell\v1.0\;C:\Windows\System32\OpenSSH\;C:\Users\zcl15\Desktop\mysql\mysql-8.0.22-winx64\bin;C:\Users\zcl15\AppData\Roaming\Microsoft\Windows\Start Menu\Programs\Python 3.7;C:\Program Files\MySQL\MySQL Server 5.7\bin;C:\Program Files\nodejs\;C:\Program Files\Bandizip\;C:\Program Files\Git\cmd;D:\DEV\Resource\android-sdk_r24.4.1-windows\android-sdk-windows\platform-tools;D:\DEV\Resource\android-sdk_r24.4.1-windows\android-sdk-windows\tools;D:\DEV\Resource\android-sdk_r24.4.1-windows\android-sdk-windows\build-tools\29.0.3;D:\DEV\Resource\allure-2.20.1\allure-2.20.1\bin;D:\SoftWare\Xftp\;D:\SoftWare\Xshell\;D:\SoftWare\WeChatDEV\微信web开发者工具\dll;D:\DEV\Resource\Java\maven\apache-maven-3.8.1-bin\apache-maven-3.8.1\bin;D:\SoftWare\apache-jmeter-5.5\apache-jmeter-5.5\bin;C:\Users\zcl15\AppData\Local\Programs\Python\Python310\Scripts\;C:\Users\zcl15\AppData\Local\Programs\Python\Python310\;C:\Users\zcl15\AppData\Local\Microsoft\WindowsApps;C:\Users\zcl15\AppData\Roaming\npm;D:\DEV\Resource\Java\maven\apache-maven-3.8.1-bin\apache-maven-3.8.1\bin;D:\SoftWare\datagrip\DataGrip 2023.1\bin;;D:\SoftWare\VSCode\Microsoft VS Code\bin;D:\SoftWare\aqua\Aqua 241.15989.156\bin;;D:\SoftWare\IDEA\IntelliJ IDEA 2023.3.6\bin;;D:\SoftWare\PyCharm\PyCharm 2023.3.6\bin;;D:\SoftWare\WebStorm\WebStorm 2023.3.6\bin;;;."/>
    <property name="surefire.test.class.path" value="D:\DEV\Project\JavaProject\githupPro\JavaWebUIFrame\target\test-classes;D:\DEV\Project\JavaProject\githupPro\JavaWebUIFrame\target\classes;D:\DEV\Resource\Java\maven\apache-maven-3.8.1-bin\apache-maven-3.8.1\maven_repositories\junit\junit\3.8.1\junit-3.8.1.jar;D:\DEV\Resource\Java\maven\apache-maven-3.8.1-bin\apache-maven-3.8.1\maven_repositories\org\seleniumhq\selenium\selenium-java\4.13.0\selenium-java-4.13.0.jar;D:\DEV\Resource\Java\maven\apache-maven-3.8.1-bin\apache-maven-3.8.1\maven_repositories\org\seleniumhq\selenium\selenium-api\4.13.0\selenium-api-4.13.0.jar;D:\DEV\Resource\Java\maven\apache-maven-3.8.1-bin\apache-maven-3.8.1\maven_repositories\org\seleniumhq\selenium\selenium-chrome-driver\4.13.0\selenium-chrome-driver-4.13.0.jar;D:\DEV\Resource\Java\maven\apache-maven-3.8.1-bin\apache-maven-3.8.1\maven_repositories\com\google\auto\service\auto-service-annotations\1.1.1\auto-service-annotations-1.1.1.jar;D:\DEV\Resource\Java\maven\apache-maven-3.8.1-bin\apache-maven-3.8.1\maven_repositories\com\google\guava\guava\32.1.2-jre\guava-32.1.2-jre.jar;D:\DEV\Resource\Java\maven\apache-maven-3.8.1-bin\apache-maven-3.8.1\maven_repositories\com\google\guava\failureaccess\1.0.1\failureaccess-1.0.1.jar;D:\DEV\Resource\Java\maven\apache-maven-3.8.1-bin\apache-maven-3.8.1\maven_repositories\com\google\guava\listenablefuture\9999.0-empty-to-avoid-conflict-with-guava\listenablefuture-9999.0-empty-to-avoid-conflict-with-guava.jar;D:\DEV\Resource\Java\maven\apache-maven-3.8.1-bin\apache-maven-3.8.1\maven_repositories\com\google\code\findbugs\jsr305\3.0.2\jsr305-3.0.2.jar;D:\DEV\Resource\Java\maven\apache-maven-3.8.1-bin\apache-maven-3.8.1\maven_repositories\org\checkerframework\checker-qual\3.33.0\checker-qual-3.33.0.jar;D:\DEV\Resource\Java\maven\apache-maven-3.8.1-bin\apache-maven-3.8.1\maven_repositories\com\google\j2objc\j2objc-annotations\2.8\j2objc-annotations-2.8.jar;D:\DEV\Resource\Java\maven\apache-maven-3.8.1-bin\apache-maven-3.8.1\maven_repositories\org\seleniumhq\selenium\selenium-chromium-driver\4.13.0\selenium-chromium-driver-4.13.0.jar;D:\DEV\Resource\Java\maven\apache-maven-3.8.1-bin\apache-maven-3.8.1\maven_repositories\org\seleniumhq\selenium\selenium-json\4.13.0\selenium-json-4.13.0.jar;D:\DEV\Resource\Java\maven\apache-maven-3.8.1-bin\apache-maven-3.8.1\maven_repositories\org\seleniumhq\selenium\selenium-manager\4.13.0\selenium-manager-4.13.0.jar;D:\DEV\Resource\Java\maven\apache-maven-3.8.1-bin\apache-maven-3.8.1\maven_repositories\org\seleniumhq\selenium\selenium-devtools-v115\4.13.0\selenium-devtools-v115-4.13.0.jar;D:\DEV\Resource\Java\maven\apache-maven-3.8.1-bin\apache-maven-3.8.1\maven_repositories\org\seleniumhq\selenium\selenium-devtools-v116\4.13.0\selenium-devtools-v116-4.13.0.jar;D:\DEV\Resource\Java\maven\apache-maven-3.8.1-bin\apache-maven-3.8.1\maven_repositories\org\seleniumhq\selenium\selenium-devtools-v117\4.13.0\selenium-devtools-v117-4.13.0.jar;D:\DEV\Resource\Java\maven\apache-maven-3.8.1-bin\apache-maven-3.8.1\maven_repositories\org\seleniumhq\selenium\selenium-devtools-v85\4.13.0\selenium-devtools-v85-4.13.0.jar;D:\DEV\Resource\Java\maven\apache-maven-3.8.1-bin\apache-maven-3.8.1\maven_repositories\org\seleniumhq\selenium\selenium-edge-driver\4.13.0\selenium-edge-driver-4.13.0.jar;D:\DEV\Resource\Java\maven\apache-maven-3.8.1-bin\apache-maven-3.8.1\maven_repositories\org\seleniumhq\selenium\selenium-firefox-driver\4.13.0\selenium-firefox-driver-4.13.0.jar;D:\DEV\Resource\Java\maven\apache-maven-3.8.1-bin\apache-maven-3.8.1\maven_repositories\org\seleniumhq\selenium\selenium-http\4.13.0\selenium-http-4.13.0.jar;D:\DEV\Resource\Java\maven\apache-maven-3.8.1-bin\apache-maven-3.8.1\maven_repositories\dev\failsafe\failsafe\3.3.2\failsafe-3.3.2.jar;D:\DEV\Resource\Java\maven\apache-maven-3.8.1-bin\apache-maven-3.8.1\maven_repositories\org\seleniumhq\selenium\selenium-ie-driver\4.13.0\selenium-ie-driver-4.13.0.jar;D:\DEV\Resource\Java\maven\apache-maven-3.8.1-bin\apache-maven-3.8.1\maven_repositories\org\seleniumhq\selenium\selenium-remote-driver\4.13.0\selenium-remote-driver-4.13.0.jar;D:\DEV\Resource\Java\maven\apache-maven-3.8.1-bin\apache-maven-3.8.1\maven_repositories\io\netty\netty-buffer\4.1.96.Final\netty-buffer-4.1.96.Final.jar;D:\DEV\Resource\Java\maven\apache-maven-3.8.1-bin\apache-maven-3.8.1\maven_repositories\io\netty\netty-codec-http\4.1.96.Final\netty-codec-http-4.1.96.Final.jar;D:\DEV\Resource\Java\maven\apache-maven-3.8.1-bin\apache-maven-3.8.1\maven_repositories\io\netty\netty-codec\4.1.96.Final\netty-codec-4.1.96.Final.jar;D:\DEV\Resource\Java\maven\apache-maven-3.8.1-bin\apache-maven-3.8.1\maven_repositories\io\netty\netty-handler\4.1.96.Final\netty-handler-4.1.96.Final.jar;D:\DEV\Resource\Java\maven\apache-maven-3.8.1-bin\apache-maven-3.8.1\maven_repositories\io\netty\netty-common\4.1.96.Final\netty-common-4.1.96.Final.jar;D:\DEV\Resource\Java\maven\apache-maven-3.8.1-bin\apache-maven-3.8.1\maven_repositories\io\netty\netty-transport-classes-epoll\4.1.96.Final\netty-transport-classes-epoll-4.1.96.Final.jar;D:\DEV\Resource\Java\maven\apache-maven-3.8.1-bin\apache-maven-3.8.1\maven_repositories\io\netty\netty-transport-classes-kqueue\4.1.96.Final\netty-transport-classes-kqueue-4.1.96.Final.jar;D:\DEV\Resource\Java\maven\apache-maven-3.8.1-bin\apache-maven-3.8.1\maven_repositories\io\netty\netty-transport-native-epoll\4.1.96.Final\netty-transport-native-epoll-4.1.96.Final.jar;D:\DEV\Resource\Java\maven\apache-maven-3.8.1-bin\apache-maven-3.8.1\maven_repositories\io\netty\netty-transport-native-kqueue\4.1.96.Final\netty-transport-native-kqueue-4.1.96.Final.jar;D:\DEV\Resource\Java\maven\apache-maven-3.8.1-bin\apache-maven-3.8.1\maven_repositories\io\netty\netty-transport-native-unix-common\4.1.96.Final\netty-transport-native-unix-common-4.1.96.Final.jar;D:\DEV\Resource\Java\maven\apache-maven-3.8.1-bin\apache-maven-3.8.1\maven_repositories\io\netty\netty-transport\4.1.96.Final\netty-transport-4.1.96.Final.jar;D:\DEV\Resource\Java\maven\apache-maven-3.8.1-bin\apache-maven-3.8.1\maven_repositories\io\netty\netty-resolver\4.1.96.Final\netty-resolver-4.1.96.Final.jar;D:\DEV\Resource\Java\maven\apache-maven-3.8.1-bin\apache-maven-3.8.1\maven_repositories\io\opentelemetry\opentelemetry-api\1.28.0\opentelemetry-api-1.28.0.jar;D:\DEV\Resource\Java\maven\apache-maven-3.8.1-bin\apache-maven-3.8.1\maven_repositories\io\opentelemetry\opentelemetry-context\1.28.0\opentelemetry-context-1.28.0.jar;D:\DEV\Resource\Java\maven\apache-maven-3.8.1-bin\apache-maven-3.8.1\maven_repositories\io\opentelemetry\opentelemetry-exporter-logging\1.28.0\opentelemetry-exporter-logging-1.28.0.jar;D:\DEV\Resource\Java\maven\apache-maven-3.8.1-bin\apache-maven-3.8.1\maven_repositories\io\opentelemetry\opentelemetry-sdk-metrics\1.28.0\opentelemetry-sdk-metrics-1.28.0.jar;D:\DEV\Resource\Java\maven\apache-maven-3.8.1-bin\apache-maven-3.8.1\maven_repositories\io\opentelemetry\opentelemetry-extension-incubator\1.28.0-alpha\opentelemetry-extension-incubator-1.28.0-alpha.jar;D:\DEV\Resource\Java\maven\apache-maven-3.8.1-bin\apache-maven-3.8.1\maven_repositories\io\opentelemetry\opentelemetry-sdk-logs\1.28.0\opentelemetry-sdk-logs-1.28.0.jar;D:\DEV\Resource\Java\maven\apache-maven-3.8.1-bin\apache-maven-3.8.1\maven_repositories\io\opentelemetry\opentelemetry-sdk-common\1.28.0\opentelemetry-sdk-common-1.28.0.jar;D:\DEV\Resource\Java\maven\apache-maven-3.8.1-bin\apache-maven-3.8.1\maven_repositories\io\opentelemetry\opentelemetry-sdk-extension-autoconfigure-spi\1.28.0\opentelemetry-sdk-extension-autoconfigure-spi-1.28.0.jar;D:\DEV\Resource\Java\maven\apache-maven-3.8.1-bin\apache-maven-3.8.1\maven_repositories\io\opentelemetry\opentelemetry-sdk-extension-autoconfigure\1.28.0\opentelemetry-sdk-extension-autoconfigure-1.28.0.jar;D:\DEV\Resource\Java\maven\apache-maven-3.8.1-bin\apache-maven-3.8.1\maven_repositories\io\opentelemetry\opentelemetry-api-events\1.28.0-alpha\opentelemetry-api-events-1.28.0-alpha.jar;D:\DEV\Resource\Java\maven\apache-maven-3.8.1-bin\apache-maven-3.8.1\maven_repositories\io\opentelemetry\opentelemetry-sdk-trace\1.28.0\opentelemetry-sdk-trace-1.28.0.jar;D:\DEV\Resource\Java\maven\apache-maven-3.8.1-bin\apache-maven-3.8.1\maven_repositories\io\opentelemetry\opentelemetry-sdk\1.28.0\opentelemetry-sdk-1.28.0.jar;D:\DEV\Resource\Java\maven\apache-maven-3.8.1-bin\apache-maven-3.8.1\maven_repositories\io\opentelemetry\opentelemetry-semconv\1.28.0-alpha\opentelemetry-semconv-1.28.0-alpha.jar;D:\DEV\Resource\Java\maven\apache-maven-3.8.1-bin\apache-maven-3.8.1\maven_repositories\net\bytebuddy\byte-buddy\1.14.5\byte-buddy-1.14.5.jar;D:\DEV\Resource\Java\maven\apache-maven-3.8.1-bin\apache-maven-3.8.1\maven_repositories\org\asynchttpclient\async-http-client\2.12.3\async-http-client-2.12.3.jar;D:\DEV\Resource\Java\maven\apache-maven-3.8.1-bin\apache-maven-3.8.1\maven_repositories\org\asynchttpclient\async-http-client-netty-utils\2.12.3\async-http-client-netty-utils-2.12.3.jar;D:\DEV\Resource\Java\maven\apache-maven-3.8.1-bin\apache-maven-3.8.1\maven_repositories\io\netty\netty-codec-socks\4.1.60.Final\netty-codec-socks-4.1.60.Final.jar;D:\DEV\Resource\Java\maven\apache-maven-3.8.1-bin\apache-maven-3.8.1\maven_repositories\io\netty\netty-handler-proxy\4.1.60.Final\netty-handler-proxy-4.1.60.Final.jar;D:\DEV\Resource\Java\maven\apache-maven-3.8.1-bin\apache-maven-3.8.1\maven_repositories\io\netty\netty-transport-native-epoll\4.1.60.Final\netty-transport-native-epoll-4.1.60.Final-linux-x86_64.jar;D:\DEV\Resource\Java\maven\apache-maven-3.8.1-bin\apache-maven-3.8.1\maven_repositories\io\netty\netty-transport-native-kqueue\4.1.60.Final\netty-transport-native-kqueue-4.1.60.Final-osx-x86_64.jar;D:\DEV\Resource\Java\maven\apache-maven-3.8.1-bin\apache-maven-3.8.1\maven_repositories\org\reactivestreams\reactive-streams\1.0.3\reactive-streams-1.0.3.jar;D:\DEV\Resource\Java\maven\apache-maven-3.8.1-bin\apache-maven-3.8.1\maven_repositories\com\typesafe\netty\netty-reactive-streams\2.0.4\netty-reactive-streams-2.0.4.jar;D:\DEV\Resource\Java\maven\apache-maven-3.8.1-bin\apache-maven-3.8.1\maven_repositories\com\sun\activation\jakarta.activation\1.2.2\jakarta.activation-1.2.2.jar;D:\DEV\Resource\Java\maven\apache-maven-3.8.1-bin\apache-maven-3.8.1\maven_repositories\org\seleniumhq\selenium\selenium-os\4.13.0\selenium-os-4.13.0.jar;D:\DEV\Resource\Java\maven\apache-maven-3.8.1-bin\apache-maven-3.8.1\maven_repositories\org\apache\commons\commons-exec\1.3\commons-exec-1.3.jar;D:\DEV\Resource\Java\maven\apache-maven-3.8.1-bin\apache-maven-3.8.1\maven_repositories\org\seleniumhq\selenium\selenium-safari-driver\4.13.0\selenium-safari-driver-4.13.0.jar;D:\DEV\Resource\Java\maven\apache-maven-3.8.1-bin\apache-maven-3.8.1\maven_repositories\org\seleniumhq\selenium\selenium-support\4.13.0\selenium-support-4.13.0.jar;D:\DEV\Resource\Java\maven\apache-maven-3.8.1-bin\apache-maven-3.8.1\maven_repositories\io\github\bonigarcia\webdrivermanager\5.9.2\webdrivermanager-5.9.2.jar;D:\DEV\Resource\Java\maven\apache-maven-3.8.1-bin\apache-maven-3.8.1\maven_repositories\com\google\code\gson\gson\2.11.0\gson-2.11.0.jar;D:\DEV\Resource\Java\maven\apache-maven-3.8.1-bin\apache-maven-3.8.1\maven_repositories\com\google\errorprone\error_prone_annotations\2.27.0\error_prone_annotations-2.27.0.jar;D:\DEV\Resource\Java\maven\apache-maven-3.8.1-bin\apache-maven-3.8.1\maven_repositories\com\github\docker-java\docker-java\3.4.0\docker-java-3.4.0.jar;D:\DEV\Resource\Java\maven\apache-maven-3.8.1-bin\apache-maven-3.8.1\maven_repositories\com\github\docker-java\docker-java-core\3.4.0\docker-java-core-3.4.0.jar;D:\DEV\Resource\Java\maven\apache-maven-3.8.1-bin\apache-maven-3.8.1\maven_repositories\com\github\docker-java\docker-java-api\3.4.0\docker-java-api-3.4.0.jar;D:\DEV\Resource\Java\maven\apache-maven-3.8.1-bin\apache-maven-3.8.1\maven_repositories\com\fasterxml\jackson\core\jackson-annotations\2.10.3\jackson-annotations-2.10.3.jar;D:\DEV\Resource\Java\maven\apache-maven-3.8.1-bin\apache-maven-3.8.1\maven_repositories\com\fasterxml\jackson\core\jackson-databind\2.10.3\jackson-databind-2.10.3.jar;D:\DEV\Resource\Java\maven\apache-maven-3.8.1-bin\apache-maven-3.8.1\maven_repositories\com\fasterxml\jackson\core\jackson-core\2.10.3\jackson-core-2.10.3.jar;D:\DEV\Resource\Java\maven\apache-maven-3.8.1-bin\apache-maven-3.8.1\maven_repositories\org\slf4j\jcl-over-slf4j\1.7.30\jcl-over-slf4j-1.7.30.jar;D:\DEV\Resource\Java\maven\apache-maven-3.8.1-bin\apache-maven-3.8.1\maven_repositories\com\github\docker-java\docker-java-transport-httpclient5\3.4.0\docker-java-transport-httpclient5-3.4.0.jar;D:\DEV\Resource\Java\maven\apache-maven-3.8.1-bin\apache-maven-3.8.1\maven_repositories\com\github\docker-java\docker-java-transport\3.4.0\docker-java-transport-3.4.0.jar;D:\DEV\Resource\Java\maven\apache-maven-3.8.1-bin\apache-maven-3.8.1\maven_repositories\net\java\dev\jna\jna\5.13.0\jna-5.13.0.jar;D:\DEV\Resource\Java\maven\apache-maven-3.8.1-bin\apache-maven-3.8.1\maven_repositories\org\brotli\dec\0.1.2\dec-0.1.2.jar;D:\DEV\Resource\Java\maven\apache-maven-3.8.1-bin\apache-maven-3.8.1\maven_repositories\org\apache\commons\commons-lang3\3.15.0\commons-lang3-3.15.0.jar;D:\DEV\Resource\Java\maven\apache-maven-3.8.1-bin\apache-maven-3.8.1\maven_repositories\org\apache\commons\commons-compress\1.26.2\commons-compress-1.26.2.jar;D:\DEV\Resource\Java\maven\apache-maven-3.8.1-bin\apache-maven-3.8.1\maven_repositories\commons-codec\commons-codec\1.17.0\commons-codec-1.17.0.jar;D:\DEV\Resource\Java\maven\apache-maven-3.8.1-bin\apache-maven-3.8.1\maven_repositories\org\apache\httpcomponents\client5\httpclient5\5.2.1\httpclient5-5.2.1.jar;D:\DEV\Resource\Java\maven\apache-maven-3.8.1-bin\apache-maven-3.8.1\maven_repositories\org\apache\httpcomponents\core5\httpcore5\5.2\httpcore5-5.2.jar;D:\DEV\Resource\Java\maven\apache-maven-3.8.1-bin\apache-maven-3.8.1\maven_repositories\org\apache\httpcomponents\core5\httpcore5-h2\5.2\httpcore5-h2-5.2.jar;D:\DEV\Resource\Java\maven\apache-maven-3.8.1-bin\apache-maven-3.8.1\maven_repositories\commons-io\commons-io\2.16.1\commons-io-2.16.1.jar;D:\DEV\Resource\Java\maven\apache-maven-3.8.1-bin\apache-maven-3.8.1\maven_repositories\org\testng\testng\6.14.3\testng-6.14.3.jar;D:\DEV\Resource\Java\maven\apache-maven-3.8.1-bin\apache-maven-3.8.1\maven_repositories\com\beust\jcommander\1.72\jcommander-1.72.jar;D:\DEV\Resource\Java\maven\apache-maven-3.8.1-bin\apache-maven-3.8.1\maven_repositories\org\apache-extras\beanshell\bsh\2.0b6\bsh-2.0b6.jar;D:\DEV\Resource\Java\maven\apache-maven-3.8.1-bin\apache-maven-3.8.1\maven_repositories\io\qameta\allure\allure-java-commons\2.17.2\allure-java-commons-2.17.2.jar;D:\DEV\Resource\Java\maven\apache-maven-3.8.1-bin\apache-maven-3.8.1\maven_repositories\io\qameta\allure\allure-model\2.17.2\allure-model-2.17.2.jar;D:\DEV\Resource\Java\maven\apache-maven-3.8.1-bin\apache-maven-3.8.1\maven_repositories\io\qameta\allure\allure-testng\2.20.1\allure-testng-2.20.1.jar;D:\DEV\Resource\Java\maven\apache-maven-3.8.1-bin\apache-maven-3.8.1\maven_repositories\io\qameta\allure\allure-test-filter\2.20.1\allure-test-filter-2.20.1.jar;D:\DEV\Resource\Java\maven\apache-maven-3.8.1-bin\apache-maven-3.8.1\maven_repositories\com\github\javafaker\javafaker\1.0.2\javafaker-1.0.2.jar;D:\DEV\Resource\Java\maven\apache-maven-3.8.1-bin\apache-maven-3.8.1\maven_repositories\org\yaml\snakeyaml\1.23\snakeyaml-1.23-android.jar;D:\DEV\Resource\Java\maven\apache-maven-3.8.1-bin\apache-maven-3.8.1\maven_repositories\com\github\mifmif\generex\1.0.2\generex-1.0.2.jar;D:\DEV\Resource\Java\maven\apache-maven-3.8.1-bin\apache-maven-3.8.1\maven_repositories\dk\brics\automaton\automaton\1.11-8\automaton-1.11-8.jar;D:\DEV\Resource\Java\maven\apache-maven-3.8.1-bin\apache-maven-3.8.1\maven_repositories\org\slf4j\slf4j-api\1.7.32\slf4j-api-1.7.32.jar;D:\DEV\Resource\Java\maven\apache-maven-3.8.1-bin\apache-maven-3.8.1\maven_repositories\ch\qos\logback\logback-classic\1.2.6\logback-classic-1.2.6.jar;D:\DEV\Resource\Java\maven\apache-maven-3.8.1-bin\apache-maven-3.8.1\maven_repositories\ch\qos\logback\logback-core\1.2.6\logback-core-1.2.6.jar;"/>
    <property name="java.specification.name" value="Java Platform API Specification"/>
    <property name="java.class.version" value="52.0"/>
    <property name="sun.management.compiler" value="HotSpot 64-Bit Tiered Compilers"/>
    <property name="os.version" value="10.0"/>
    <property name="user.home" value="C:\Users\zcl15"/>
    <property name="user.timezone" value="Asia/Shanghai"/>
    <property name="java.awt.printerjob" value="sun.awt.windows.WPrinterJob"/>
    <property name="java.specification.version" value="1.8"/>
    <property name="file.encoding" value="GBK"/>
    <property name="user.name" value="zcl15"/>
    <property name="java.class.path" value="D:\DEV\Project\JavaProject\githupPro\JavaWebUIFrame\target\test-classes;D:\DEV\Project\JavaProject\githupPro\JavaWebUIFrame\target\classes;D:\DEV\Resource\Java\maven\apache-maven-3.8.1-bin\apache-maven-3.8.1\maven_repositories\junit\junit\3.8.1\junit-3.8.1.jar;D:\DEV\Resource\Java\maven\apache-maven-3.8.1-bin\apache-maven-3.8.1\maven_repositories\org\seleniumhq\selenium\selenium-java\4.13.0\selenium-java-4.13.0.jar;D:\DEV\Resource\Java\maven\apache-maven-3.8.1-bin\apache-maven-3.8.1\maven_repositories\org\seleniumhq\selenium\selenium-api\4.13.0\selenium-api-4.13.0.jar;D:\DEV\Resource\Java\maven\apache-maven-3.8.1-bin\apache-maven-3.8.1\maven_repositories\org\seleniumhq\selenium\selenium-chrome-driver\4.13.0\selenium-chrome-driver-4.13.0.jar;D:\DEV\Resource\Java\maven\apache-maven-3.8.1-bin\apache-maven-3.8.1\maven_repositories\com\google\auto\service\auto-service-annotations\1.1.1\auto-service-annotations-1.1.1.jar;D:\DEV\Resource\Java\maven\apache-maven-3.8.1-bin\apache-maven-3.8.1\maven_repositories\com\google\guava\guava\32.1.2-jre\guava-32.1.2-jre.jar;D:\DEV\Resource\Java\maven\apache-maven-3.8.1-bin\apache-maven-3.8.1\maven_repositories\com\google\guava\failureaccess\1.0.1\failureaccess-1.0.1.jar;D:\DEV\Resource\Java\maven\apache-maven-3.8.1-bin\apache-maven-3.8.1\maven_repositories\com\google\guava\listenablefuture\9999.0-empty-to-avoid-conflict-with-guava\listenablefuture-9999.0-empty-to-avoid-conflict-with-guava.jar;D:\DEV\Resource\Java\maven\apache-maven-3.8.1-bin\apache-maven-3.8.1\maven_repositories\com\google\code\findbugs\jsr305\3.0.2\jsr305-3.0.2.jar;D:\DEV\Resource\Java\maven\apache-maven-3.8.1-bin\apache-maven-3.8.1\maven_repositories\org\checkerframework\checker-qual\3.33.0\checker-qual-3.33.0.jar;D:\DEV\Resource\Java\maven\apache-maven-3.8.1-bin\apache-maven-3.8.1\maven_repositories\com\google\j2objc\j2objc-annotations\2.8\j2objc-annotations-2.8.jar;D:\DEV\Resource\Java\maven\apache-maven-3.8.1-bin\apache-maven-3.8.1\maven_repositories\org\seleniumhq\selenium\selenium-chromium-driver\4.13.0\selenium-chromium-driver-4.13.0.jar;D:\DEV\Resource\Java\maven\apache-maven-3.8.1-bin\apache-maven-3.8.1\maven_repositories\org\seleniumhq\selenium\selenium-json\4.13.0\selenium-json-4.13.0.jar;D:\DEV\Resource\Java\maven\apache-maven-3.8.1-bin\apache-maven-3.8.1\maven_repositories\org\seleniumhq\selenium\selenium-manager\4.13.0\selenium-manager-4.13.0.jar;D:\DEV\Resource\Java\maven\apache-maven-3.8.1-bin\apache-maven-3.8.1\maven_repositories\org\seleniumhq\selenium\selenium-devtools-v115\4.13.0\selenium-devtools-v115-4.13.0.jar;D:\DEV\Resource\Java\maven\apache-maven-3.8.1-bin\apache-maven-3.8.1\maven_repositories\org\seleniumhq\selenium\selenium-devtools-v116\4.13.0\selenium-devtools-v116-4.13.0.jar;D:\DEV\Resource\Java\maven\apache-maven-3.8.1-bin\apache-maven-3.8.1\maven_repositories\org\seleniumhq\selenium\selenium-devtools-v117\4.13.0\selenium-devtools-v117-4.13.0.jar;D:\DEV\Resource\Java\maven\apache-maven-3.8.1-bin\apache-maven-3.8.1\maven_repositories\org\seleniumhq\selenium\selenium-devtools-v85\4.13.0\selenium-devtools-v85-4.13.0.jar;D:\DEV\Resource\Java\maven\apache-maven-3.8.1-bin\apache-maven-3.8.1\maven_repositories\org\seleniumhq\selenium\selenium-edge-driver\4.13.0\selenium-edge-driver-4.13.0.jar;D:\DEV\Resource\Java\maven\apache-maven-3.8.1-bin\apache-maven-3.8.1\maven_repositories\org\seleniumhq\selenium\selenium-firefox-driver\4.13.0\selenium-firefox-driver-4.13.0.jar;D:\DEV\Resource\Java\maven\apache-maven-3.8.1-bin\apache-maven-3.8.1\maven_repositories\org\seleniumhq\selenium\selenium-http\4.13.0\selenium-http-4.13.0.jar;D:\DEV\Resource\Java\maven\apache-maven-3.8.1-bin\apache-maven-3.8.1\maven_repositories\dev\failsafe\failsafe\3.3.2\failsafe-3.3.2.jar;D:\DEV\Resource\Java\maven\apache-maven-3.8.1-bin\apache-maven-3.8.1\maven_repositories\org\seleniumhq\selenium\selenium-ie-driver\4.13.0\selenium-ie-driver-4.13.0.jar;D:\DEV\Resource\Java\maven\apache-maven-3.8.1-bin\apache-maven-3.8.1\maven_repositories\org\seleniumhq\selenium\selenium-remote-driver\4.13.0\selenium-remote-driver-4.13.0.jar;D:\DEV\Resource\Java\maven\apache-maven-3.8.1-bin\apache-maven-3.8.1\maven_repositories\io\netty\netty-buffer\4.1.96.Final\netty-buffer-4.1.96.Final.jar;D:\DEV\Resource\Java\maven\apache-maven-3.8.1-bin\apache-maven-3.8.1\maven_repositories\io\netty\netty-codec-http\4.1.96.Final\netty-codec-http-4.1.96.Final.jar;D:\DEV\Resource\Java\maven\apache-maven-3.8.1-bin\apache-maven-3.8.1\maven_repositories\io\netty\netty-codec\4.1.96.Final\netty-codec-4.1.96.Final.jar;D:\DEV\Resource\Java\maven\apache-maven-3.8.1-bin\apache-maven-3.8.1\maven_repositories\io\netty\netty-handler\4.1.96.Final\netty-handler-4.1.96.Final.jar;D:\DEV\Resource\Java\maven\apache-maven-3.8.1-bin\apache-maven-3.8.1\maven_repositories\io\netty\netty-common\4.1.96.Final\netty-common-4.1.96.Final.jar;D:\DEV\Resource\Java\maven\apache-maven-3.8.1-bin\apache-maven-3.8.1\maven_repositories\io\netty\netty-transport-classes-epoll\4.1.96.Final\netty-transport-classes-epoll-4.1.96.Final.jar;D:\DEV\Resource\Java\maven\apache-maven-3.8.1-bin\apache-maven-3.8.1\maven_repositories\io\netty\netty-transport-classes-kqueue\4.1.96.Final\netty-transport-classes-kqueue-4.1.96.Final.jar;D:\DEV\Resource\Java\maven\apache-maven-3.8.1-bin\apache-maven-3.8.1\maven_repositories\io\netty\netty-transport-native-epoll\4.1.96.Final\netty-transport-native-epoll-4.1.96.Final.jar;D:\DEV\Resource\Java\maven\apache-maven-3.8.1-bin\apache-maven-3.8.1\maven_repositories\io\netty\netty-transport-native-kqueue\4.1.96.Final\netty-transport-native-kqueue-4.1.96.Final.jar;D:\DEV\Resource\Java\maven\apache-maven-3.8.1-bin\apache-maven-3.8.1\maven_repositories\io\netty\netty-transport-native-unix-common\4.1.96.Final\netty-transport-native-unix-common-4.1.96.Final.jar;D:\DEV\Resource\Java\maven\apache-maven-3.8.1-bin\apache-maven-3.8.1\maven_repositories\io\netty\netty-transport\4.1.96.Final\netty-transport-4.1.96.Final.jar;D:\DEV\Resource\Java\maven\apache-maven-3.8.1-bin\apache-maven-3.8.1\maven_repositories\io\netty\netty-resolver\4.1.96.Final\netty-resolver-4.1.96.Final.jar;D:\DEV\Resource\Java\maven\apache-maven-3.8.1-bin\apache-maven-3.8.1\maven_repositories\io\opentelemetry\opentelemetry-api\1.28.0\opentelemetry-api-1.28.0.jar;D:\DEV\Resource\Java\maven\apache-maven-3.8.1-bin\apache-maven-3.8.1\maven_repositories\io\opentelemetry\opentelemetry-context\1.28.0\opentelemetry-context-1.28.0.jar;D:\DEV\Resource\Java\maven\apache-maven-3.8.1-bin\apache-maven-3.8.1\maven_repositories\io\opentelemetry\opentelemetry-exporter-logging\1.28.0\opentelemetry-exporter-logging-1.28.0.jar;D:\DEV\Resource\Java\maven\apache-maven-3.8.1-bin\apache-maven-3.8.1\maven_repositories\io\opentelemetry\opentelemetry-sdk-metrics\1.28.0\opentelemetry-sdk-metrics-1.28.0.jar;D:\DEV\Resource\Java\maven\apache-maven-3.8.1-bin\apache-maven-3.8.1\maven_repositories\io\opentelemetry\opentelemetry-extension-incubator\1.28.0-alpha\opentelemetry-extension-incubator-1.28.0-alpha.jar;D:\DEV\Resource\Java\maven\apache-maven-3.8.1-bin\apache-maven-3.8.1\maven_repositories\io\opentelemetry\opentelemetry-sdk-logs\1.28.0\opentelemetry-sdk-logs-1.28.0.jar;D:\DEV\Resource\Java\maven\apache-maven-3.8.1-bin\apache-maven-3.8.1\maven_repositories\io\opentelemetry\opentelemetry-sdk-common\1.28.0\opentelemetry-sdk-common-1.28.0.jar;D:\DEV\Resource\Java\maven\apache-maven-3.8.1-bin\apache-maven-3.8.1\maven_repositories\io\opentelemetry\opentelemetry-sdk-extension-autoconfigure-spi\1.28.0\opentelemetry-sdk-extension-autoconfigure-spi-1.28.0.jar;D:\DEV\Resource\Java\maven\apache-maven-3.8.1-bin\apache-maven-3.8.1\maven_repositories\io\opentelemetry\opentelemetry-sdk-extension-autoconfigure\1.28.0\opentelemetry-sdk-extension-autoconfigure-1.28.0.jar;D:\DEV\Resource\Java\maven\apache-maven-3.8.1-bin\apache-maven-3.8.1\maven_repositories\io\opentelemetry\opentelemetry-api-events\1.28.0-alpha\opentelemetry-api-events-1.28.0-alpha.jar;D:\DEV\Resource\Java\maven\apache-maven-3.8.1-bin\apache-maven-3.8.1\maven_repositories\io\opentelemetry\opentelemetry-sdk-trace\1.28.0\opentelemetry-sdk-trace-1.28.0.jar;D:\DEV\Resource\Java\maven\apache-maven-3.8.1-bin\apache-maven-3.8.1\maven_repositories\io\opentelemetry\opentelemetry-sdk\1.28.0\opentelemetry-sdk-1.28.0.jar;D:\DEV\Resource\Java\maven\apache-maven-3.8.1-bin\apache-maven-3.8.1\maven_repositories\io\opentelemetry\opentelemetry-semconv\1.28.0-alpha\opentelemetry-semconv-1.28.0-alpha.jar;D:\DEV\Resource\Java\maven\apache-maven-3.8.1-bin\apache-maven-3.8.1\maven_repositories\net\bytebuddy\byte-buddy\1.14.5\byte-buddy-1.14.5.jar;D:\DEV\Resource\Java\maven\apache-maven-3.8.1-bin\apache-maven-3.8.1\maven_repositories\org\asynchttpclient\async-http-client\2.12.3\async-http-client-2.12.3.jar;D:\DEV\Resource\Java\maven\apache-maven-3.8.1-bin\apache-maven-3.8.1\maven_repositories\org\asynchttpclient\async-http-client-netty-utils\2.12.3\async-http-client-netty-utils-2.12.3.jar;D:\DEV\Resource\Java\maven\apache-maven-3.8.1-bin\apache-maven-3.8.1\maven_repositories\io\netty\netty-codec-socks\4.1.60.Final\netty-codec-socks-4.1.60.Final.jar;D:\DEV\Resource\Java\maven\apache-maven-3.8.1-bin\apache-maven-3.8.1\maven_repositories\io\netty\netty-handler-proxy\4.1.60.Final\netty-handler-proxy-4.1.60.Final.jar;D:\DEV\Resource\Java\maven\apache-maven-3.8.1-bin\apache-maven-3.8.1\maven_repositories\io\netty\netty-transport-native-epoll\4.1.60.Final\netty-transport-native-epoll-4.1.60.Final-linux-x86_64.jar;D:\DEV\Resource\Java\maven\apache-maven-3.8.1-bin\apache-maven-3.8.1\maven_repositories\io\netty\netty-transport-native-kqueue\4.1.60.Final\netty-transport-native-kqueue-4.1.60.Final-osx-x86_64.jar;D:\DEV\Resource\Java\maven\apache-maven-3.8.1-bin\apache-maven-3.8.1\maven_repositories\org\reactivestreams\reactive-streams\1.0.3\reactive-streams-1.0.3.jar;D:\DEV\Resource\Java\maven\apache-maven-3.8.1-bin\apache-maven-3.8.1\maven_repositories\com\typesafe\netty\netty-reactive-streams\2.0.4\netty-reactive-streams-2.0.4.jar;D:\DEV\Resource\Java\maven\apache-maven-3.8.1-bin\apache-maven-3.8.1\maven_repositories\com\sun\activation\jakarta.activation\1.2.2\jakarta.activation-1.2.2.jar;D:\DEV\Resource\Java\maven\apache-maven-3.8.1-bin\apache-maven-3.8.1\maven_repositories\org\seleniumhq\selenium\selenium-os\4.13.0\selenium-os-4.13.0.jar;D:\DEV\Resource\Java\maven\apache-maven-3.8.1-bin\apache-maven-3.8.1\maven_repositories\org\apache\commons\commons-exec\1.3\commons-exec-1.3.jar;D:\DEV\Resource\Java\maven\apache-maven-3.8.1-bin\apache-maven-3.8.1\maven_repositories\org\seleniumhq\selenium\selenium-safari-driver\4.13.0\selenium-safari-driver-4.13.0.jar;D:\DEV\Resource\Java\maven\apache-maven-3.8.1-bin\apache-maven-3.8.1\maven_repositories\org\seleniumhq\selenium\selenium-support\4.13.0\selenium-support-4.13.0.jar;D:\DEV\Resource\Java\maven\apache-maven-3.8.1-bin\apache-maven-3.8.1\maven_repositories\io\github\bonigarcia\webdrivermanager\5.9.2\webdrivermanager-5.9.2.jar;D:\DEV\Resource\Java\maven\apache-maven-3.8.1-bin\apache-maven-3.8.1\maven_repositories\com\google\code\gson\gson\2.11.0\gson-2.11.0.jar;D:\DEV\Resource\Java\maven\apache-maven-3.8.1-bin\apache-maven-3.8.1\maven_repositories\com\google\errorprone\error_prone_annotations\2.27.0\error_prone_annotations-2.27.0.jar;D:\DEV\Resource\Java\maven\apache-maven-3.8.1-bin\apache-maven-3.8.1\maven_repositories\com\github\docker-java\docker-java\3.4.0\docker-java-3.4.0.jar;D:\DEV\Resource\Java\maven\apache-maven-3.8.1-bin\apache-maven-3.8.1\maven_repositories\com\github\docker-java\docker-java-core\3.4.0\docker-java-core-3.4.0.jar;D:\DEV\Resource\Java\maven\apache-maven-3.8.1-bin\apache-maven-3.8.1\maven_repositories\com\github\docker-java\docker-java-api\3.4.0\docker-java-api-3.4.0.jar;D:\DEV\Resource\Java\maven\apache-maven-3.8.1-bin\apache-maven-3.8.1\maven_repositories\com\fasterxml\jackson\core\jackson-annotations\2.10.3\jackson-annotations-2.10.3.jar;D:\DEV\Resource\Java\maven\apache-maven-3.8.1-bin\apache-maven-3.8.1\maven_repositories\com\fasterxml\jackson\core\jackson-databind\2.10.3\jackson-databind-2.10.3.jar;D:\DEV\Resource\Java\maven\apache-maven-3.8.1-bin\apache-maven-3.8.1\maven_repositories\com\fasterxml\jackson\core\jackson-core\2.10.3\jackson-core-2.10.3.jar;D:\DEV\Resource\Java\maven\apache-maven-3.8.1-bin\apache-maven-3.8.1\maven_repositories\org\slf4j\jcl-over-slf4j\1.7.30\jcl-over-slf4j-1.7.30.jar;D:\DEV\Resource\Java\maven\apache-maven-3.8.1-bin\apache-maven-3.8.1\maven_repositories\com\github\docker-java\docker-java-transport-httpclient5\3.4.0\docker-java-transport-httpclient5-3.4.0.jar;D:\DEV\Resource\Java\maven\apache-maven-3.8.1-bin\apache-maven-3.8.1\maven_repositories\com\github\docker-java\docker-java-transport\3.4.0\docker-java-transport-3.4.0.jar;D:\DEV\Resource\Java\maven\apache-maven-3.8.1-bin\apache-maven-3.8.1\maven_repositories\net\java\dev\jna\jna\5.13.0\jna-5.13.0.jar;D:\DEV\Resource\Java\maven\apache-maven-3.8.1-bin\apache-maven-3.8.1\maven_repositories\org\brotli\dec\0.1.2\dec-0.1.2.jar;D:\DEV\Resource\Java\maven\apache-maven-3.8.1-bin\apache-maven-3.8.1\maven_repositories\org\apache\commons\commons-lang3\3.15.0\commons-lang3-3.15.0.jar;D:\DEV\Resource\Java\maven\apache-maven-3.8.1-bin\apache-maven-3.8.1\maven_repositories\org\apache\commons\commons-compress\1.26.2\commons-compress-1.26.2.jar;D:\DEV\Resource\Java\maven\apache-maven-3.8.1-bin\apache-maven-3.8.1\maven_repositories\commons-codec\commons-codec\1.17.0\commons-codec-1.17.0.jar;D:\DEV\Resource\Java\maven\apache-maven-3.8.1-bin\apache-maven-3.8.1\maven_repositories\org\apache\httpcomponents\client5\httpclient5\5.2.1\httpclient5-5.2.1.jar;D:\DEV\Resource\Java\maven\apache-maven-3.8.1-bin\apache-maven-3.8.1\maven_repositories\org\apache\httpcomponents\core5\httpcore5\5.2\httpcore5-5.2.jar;D:\DEV\Resource\Java\maven\apache-maven-3.8.1-bin\apache-maven-3.8.1\maven_repositories\org\apache\httpcomponents\core5\httpcore5-h2\5.2\httpcore5-h2-5.2.jar;D:\DEV\Resource\Java\maven\apache-maven-3.8.1-bin\apache-maven-3.8.1\maven_repositories\commons-io\commons-io\2.16.1\commons-io-2.16.1.jar;D:\DEV\Resource\Java\maven\apache-maven-3.8.1-bin\apache-maven-3.8.1\maven_repositories\org\testng\testng\6.14.3\testng-6.14.3.jar;D:\DEV\Resource\Java\maven\apache-maven-3.8.1-bin\apache-maven-3.8.1\maven_repositories\com\beust\jcommander\1.72\jcommander-1.72.jar;D:\DEV\Resource\Java\maven\apache-maven-3.8.1-bin\apache-maven-3.8.1\maven_repositories\org\apache-extras\beanshell\bsh\2.0b6\bsh-2.0b6.jar;D:\DEV\Resource\Java\maven\apache-maven-3.8.1-bin\apache-maven-3.8.1\maven_repositories\io\qameta\allure\allure-java-commons\2.17.2\allure-java-commons-2.17.2.jar;D:\DEV\Resource\Java\maven\apache-maven-3.8.1-bin\apache-maven-3.8.1\maven_repositories\io\qameta\allure\allure-model\2.17.2\allure-model-2.17.2.jar;D:\DEV\Resource\Java\maven\apache-maven-3.8.1-bin\apache-maven-3.8.1\maven_repositories\io\qameta\allure\allure-testng\2.20.1\allure-testng-2.20.1.jar;D:\DEV\Resource\Java\maven\apache-maven-3.8.1-bin\apache-maven-3.8.1\maven_repositories\io\qameta\allure\allure-test-filter\2.20.1\allure-test-filter-2.20.1.jar;D:\DEV\Resource\Java\maven\apache-maven-3.8.1-bin\apache-maven-3.8.1\maven_repositories\com\github\javafaker\javafaker\1.0.2\javafaker-1.0.2.jar;D:\DEV\Resource\Java\maven\apache-maven-3.8.1-bin\apache-maven-3.8.1\maven_repositories\org\yaml\snakeyaml\1.23\snakeyaml-1.23-android.jar;D:\DEV\Resource\Java\maven\apache-maven-3.8.1-bin\apache-maven-3.8.1\maven_repositories\com\github\mifmif\generex\1.0.2\generex-1.0.2.jar;D:\DEV\Resource\Java\maven\apache-maven-3.8.1-bin\apache-maven-3.8.1\maven_repositories\dk\brics\automaton\automaton\1.11-8\automaton-1.11-8.jar;D:\DEV\Resource\Java\maven\apache-maven-3.8.1-bin\apache-maven-3.8.1\maven_repositories\org\slf4j\slf4j-api\1.7.32\slf4j-api-1.7.32.jar;D:\DEV\Resource\Java\maven\apache-maven-3.8.1-bin\apache-maven-3.8.1\maven_repositories\ch\qos\logback\logback-classic\1.2.6\logback-classic-1.2.6.jar;D:\DEV\Resource\Java\maven\apache-maven-3.8.1-bin\apache-maven-3.8.1\maven_repositories\ch\qos\logback\logback-core\1.2.6\logback-core-1.2.6.jar;"/>
    <property name="java.vm.specification.version" value="1.8"/>
    <property name="sun.arch.data.model" value="64"/>
    <property name="java.home" value="C:\Program Files\Java\jdk1.8.0_65\jre"/>
    <property name="sun.java.command" value="D:\DEV\Project\JavaProject\githupPro\JavaWebUIFrame\target\surefire\surefirebooter3280178015308595467.jar D:\DEV\Project\JavaProject\githupPro\JavaWebUIFrame\target\surefire\surefire1584690037751849116tmp D:\DEV\Project\JavaProject\githupPro\JavaWebUIFrame\target\surefire\surefire8677124444852569783tmp"/>
    <property name="java.specification.vendor" value="Oracle Corporation"/>
    <property name="user.language" value="zh"/>
    <property name="awt.toolkit" value="sun.awt.windows.WToolkit"/>
    <property name="java.vm.info" value="mixed mode"/>
    <property name="java.version" value="1.8.0_65"/>
    <property name="java.ext.dirs" value="C:\Program Files\Java\jdk1.8.0_65\jre\lib\ext;C:\Windows\Sun\Java\lib\ext"/>
    <property name="sun.boot.class.path" value="C:\Program Files\Java\jdk1.8.0_65\jre\lib\resources.jar;C:\Program Files\Java\jdk1.8.0_65\jre\lib\rt.jar;C:\Program Files\Java\jdk1.8.0_65\jre\lib\sunrsasign.jar;C:\Program Files\Java\jdk1.8.0_65\jre\lib\jsse.jar;C:\Program Files\Java\jdk1.8.0_65\jre\lib\jce.jar;C:\Program Files\Java\jdk1.8.0_65\jre\lib\charsets.jar;C:\Program Files\Java\jdk1.8.0_65\jre\lib\jfr.jar;C:\Program Files\Java\jdk1.8.0_65\jre\classes"/>
    <property name="webdriver.chrome.driver" value="C:\Users\zcl15\.cache\selenium\chromedriver\win64\131.0.6778.87\chromedriver.exe"/>
    <property name="java.vendor" value="Oracle Corporation"/>
    <property name="localRepository" value="D:\DEV\Resource\Java\maven\apache-maven-3.8.1-bin\apache-maven-3.8.1\maven_repositories"/>
    <property name="file.separator" value="\"/>
    <property name="java.vendor.url.bug" value="http://bugreport.sun.com/bugreport/"/>
    <property name="sun.cpu.endian" value="little"/>
    <property name="sun.io.unicode.encoding" value="UnicodeLittle"/>
    <property name="sun.desktop" value="windows"/>
    <property name="sun.cpu.isalist" value="amd64"/>
  </properties>
  <testcase classname="org.ceiling.controller.BaiduSearchController" name="testBaiduSearchContent" time="3.381"/>
</testsuite>