<?xml version="1.0" encoding="UTF-8"?>
<!-- Generated by org.testng.reporters.JUnitReportReporter -->
<testsuite skipped="0" hostname="Ceiling" name="org.ceiling.controller.BaiduSearchController" tests="1" failures="0" timestamp="11 十二月 2024 12:27:19 GMT" time="3.374" errors="0">
  <testcase name="testBaiduSearchContent" time="3.374" classname="org.ceiling.controller.BaiduSearchController"/>
</testsuite> <!-- org.ceiling.controller.BaiduSearchController -->
