<?xml version="1.0" encoding="UTF-8"?>
<!-- Generated by org.testng.reporters.JUnitReportReporter -->
<testsuite skipped="0" hostname="Ceiling" name="org.ceiling.controller.BaiduSearchController" tests="1" failures="0" timestamp="08 九月 2024 04:32:23 GMT" time="2.594" errors="0">
  <testcase name="testBaiduSearchContent" time="2.594" classname="org.ceiling.controller.BaiduSearchController"/>
</testsuite> <!-- org.ceiling.controller.BaiduSearchController -->
