<?xml version="1.0" encoding="UTF-8"?>
<!-- Generated by org.testng.reporters.JUnitReportReporter -->
<testsuite skipped="0" hostname="Ceiling" name="org.ceiling.controller.BaiduSearchController" tests="1" failures="0" timestamp="05 十二月 2024 13:17:38 GMT" time="2.860" errors="0">
  <testcase name="testBaiduSearchContent" time="2.860" classname="org.ceiling.controller.BaiduSearchController"/>
</testsuite> <!-- org.ceiling.controller.BaiduSearchController -->
